<?xml version="1.0" encoding="UTF-8" ?>
<testsuite tests="15" failures="0" name="com.sg.superherosightings.SuperheroSightingsDaoTest" time="2.672" errors="0" skipped="0">
  <properties>
[...]
</properties>
  <testcase classname="com.sg.superherosightings.SuperheroSightingsDaoTest" name="addGetSuperpower" time="1.165"/>
  <testcase classname="com.sg.superherosightings.SuperheroSightingsDaoTest" name="addGetOrganization" time="0.135"/>
  <testcase classname="com.sg.superherosightings.SuperheroSightingsDaoTest" name="deleteSighting" time="0.204"/>
  <testcase classname="com.sg.superherosightings.SuperheroSightingsDaoTest" name="updateLocation" time="0.116"/>
  <testcase classname="com.sg.superherosightings.SuperheroSightingsDaoTest" name="addGetSighting" time="0.118"/>
  <testcase classname="com.sg.superherosightings.SuperheroSightingsDaoTest" name="deleteLocation" time="0.102"/>
  <testcase classname="com.sg.superherosightings.SuperheroSightingsDaoTest" name="deleteOrganization" time="0.09"/>
  <testcase classname="com.sg.superherosightings.SuperheroSightingsDaoTest" name="updateOrganization" time="0.099"/>
  <testcase classname="com.sg.superherosightings.SuperheroSightingsDaoTest" name="addGetLocation" time="0.091"/>
  <testcase classname="com.sg.superherosightings.SuperheroSightingsDaoTest" name="deleteSuperhero" time="0.112"/>
  <testcase classname="com.sg.superherosightings.SuperheroSightingsDaoTest" name="updateSuperhero" time="0.098"/>
  <testcase classname="com.sg.superherosightings.SuperheroSightingsDaoTest" name="deleteSuperpower" time="0.089"/>
  <testcase classname="com.sg.superherosightings.SuperheroSightingsDaoTest" name="updateSighting" time="0.084"/>
  <testcase classname="com.sg.superherosightings.SuperheroSightingsDaoTest" name="updateSuperpower" time="0.086"/>
  <testcase classname="com.sg.superherosightings.SuperheroSightingsDaoTest" name="addGetSuperhero" time="0.083"/>
</testsuite>